d:\ccode\pcremote\pcremote\debug\pcremote.pch
d:\ccode\pcremote\pcremote\debug\vc120.pdb
d:\ccode\pcremote\pcremote\debug\vc120.idb
d:\ccode\pcremote\pcremote\debug\stdafx.obj
d:\ccode\pcremote\pcremote\debug\pcremote.obj
d:\ccode\pcremote\pcremote\debug\pcremotedlg.obj
d:\ccode\pcremote\pcremote\debug\truecolortoolbar.obj
d:\ccode\pcremote\pcremote\debug\pcremote.res
d:\ccode\pcremote\debug\pcremote.pdb
d:\ccode\pcremote\pcremote\debug\pcremote.tlog\cl.command.1.tlog
d:\ccode\pcremote\pcremote\debug\pcremote.tlog\cl.read.1.tlog
d:\ccode\pcremote\pcremote\debug\pcremote.tlog\cl.write.1.tlog
d:\ccode\pcremote\pcremote\debug\pcremote.tlog\link-cvtres.read.1.tlog
d:\ccode\pcremote\pcremote\debug\pcremote.tlog\link-cvtres.write.1.tlog
d:\ccode\pcremote\pcremote\debug\pcremote.tlog\link-mt.read.1.tlog
d:\ccode\pcremote\pcremote\debug\pcremote.tlog\link-mt.write.1.tlog
d:\ccode\pcremote\pcremote\debug\pcremote.tlog\link-rc.read.1.tlog
d:\ccode\pcremote\pcremote\debug\pcremote.tlog\link-rc.write.1.tlog
d:\ccode\pcremote\pcremote\debug\pcremote.tlog\link.command.1.tlog
d:\ccode\pcremote\pcremote\debug\pcremote.tlog\link.read.1.tlog
d:\ccode\pcremote\pcremote\debug\pcremote.tlog\link.write.1.tlog
d:\ccode\pcremote\pcremote\debug\pcremote.tlog\rc.command.1.tlog
d:\ccode\pcremote\pcremote\debug\pcremote.tlog\rc.read.1.tlog
d:\ccode\pcremote\pcremote\debug\pcremote.tlog\rc.write.1.tlog
