生成启动时间为 2020/4/27 0:21:37。
     1>项目“D:\Ccode\PCRemote\PCRemote\PCRemote.vcxproj”在节点 2 上(Rebuild 个目标)。
     1>ClCompile:
         D:\VS2013\VC\bin\CL.exe /c /ZI /nologo /W3 /WX- /Od /Oy- /D WIN32 /D _WINDOWS /D _DEBUG /D _MBCS /Gm /EHsc /RTC1 /MTd /GS /fp:precise /Zc:wchar_t /Zc:forScope /Yc"stdafx.h" /Fp"Debug\PCRemote.pch" /Fo"Debug\\" /Fd"Debug\vc120.pdb" /Gd /TP /analyze- /errorReport:prompt stdafx.cpp
         stdafx.cpp
     1>d:\vs2013\vc\atlmfc\include\afx.h(38): warning C4996: 'MBCS_Support_Deprecated_In_MFC': MBCS support in MFC is deprecated and may be removed in a future version of MFC.
                 d:\vs2013\vc\atlmfc\include\afx.h(33) : 参见“MBCS_Support_Deprecated_In_MFC”的声明
         D:\VS2013\VC\bin\CL.exe /c /ZI /nologo /W3 /WX- /Od /Oy- /D WIN32 /D _WINDOWS /D _DEBUG /D _MBCS /Gm /EHsc /RTC1 /MTd /GS /fp:precise /Zc:wchar_t /Zc:forScope /Yu"stdafx.h" /Fp"Debug\PCRemote.pch" /Fo"Debug\\" /Fd"Debug\vc120.pdb" /Gd /TP /analyze- /errorReport:prompt PCRemote.cpp PCRemoteDlg.cpp TrueColorToolBar.cpp
         TrueColorToolBar.cpp
         PCRemoteDlg.cpp
     1>d:\ccode\pcremote\pcremote\pcremotedlg.cpp(284): warning C4244: “初始化”: 从“double”转换到“int”，可能丢失数据
     1>d:\ccode\pcremote\pcremote\pcremotedlg.cpp(303): warning C4244: “初始化”: 从“double”转换到“int”，可能丢失数据
         PCRemote.cpp
         正在生成代码...
       ResourceCompile:
         C:\Program Files (x86)\Windows Kits\8.1\bin\x86\rc.exe /D _DEBUG /l"0x0804" /IDebug\ /nologo /fo"Debug\PCRemote.res" PCRemote.rc 
       Link:
         D:\VS2013\VC\bin\link.exe /ERRORREPORT:PROMPT /OUT:"D:\Ccode\PCRemote\Debug\PCRemote.exe" /INCREMENTAL /NOLOGO /MANIFEST /MANIFESTUAC:"level='asInvoker' uiAccess='false'" /manifest:embed /manifestinput:D:\VS2013\VC\Include\Manifest\dpiaware.manifest /DEBUG /PDB:"D:\Ccode\PCRemote\Debug\PCRemote.pdb" /SUBSYSTEM:WINDOWS /TLBID:1 /DYNAMICBASE /NXCOMPAT /IMPLIB:"D:\Ccode\PCRemote\Debug\PCRemote.lib" /MACHINE:X86 Debug\PCRemote.res
         Debug\PCRemote.obj
         Debug\PCRemoteDlg.obj
         Debug\stdafx.obj
         Debug\TrueColorToolBar.obj
         PCRemote.vcxproj -> D:\Ccode\PCRemote\Debug\PCRemote.exe
     1>已完成生成项目“D:\Ccode\PCRemote\PCRemote\PCRemote.vcxproj”(Rebuild 个目标)的操作。

生成成功。

已用时间 00:00:15.14
