e:\c++\pcremote\pcremote\pcremote\release\pcremote.pch
e:\c++\pcremote\pcremote\pcremote\release\vc120.pdb
e:\c++\pcremote\pcremote\pcremote\release\stdafx.obj
e:\c++\pcremote\pcremote\pcremote\release\pcremotedlg.obj
e:\c++\pcremote\pcremote\pcremote\release\pcremote.obj
d:\ccode\pcremote\pcremote\release\pcremote.pch
d:\ccode\pcremote\pcremote\release\vc120.pdb
d:\ccode\pcremote\pcremote\release\stdafx.obj
d:\ccode\pcremote\pcremote\release\truecolortoolbar.obj
d:\ccode\pcremote\pcremote\release\pcremotedlg.obj
d:\ccode\pcremote\pcremote\release\pcremote.obj
e:\c++\pcremote\pcremote\release\pcremote.exe
e:\c++\pcremote\pcremote\release\pcremote.pdb
d:\ccode\pcremote\release\pcremote.exe
d:\ccode\pcremote\release\pcremote.pdb
e:\c++\pcremote\pcremote\pcremote\release\pcremote.res
d:\ccode\pcremote\pcremote\release\pcremote.res
d:\ccode\pcremote\pcremote\release\pcremote.tlog\cl.command.1.tlog
d:\ccode\pcremote\pcremote\release\pcremote.tlog\cl.read.1.tlog
d:\ccode\pcremote\pcremote\release\pcremote.tlog\cl.write.1.tlog
d:\ccode\pcremote\pcremote\release\pcremote.tlog\link.command.1.tlog
d:\ccode\pcremote\pcremote\release\pcremote.tlog\link.read.1.tlog
d:\ccode\pcremote\pcremote\release\pcremote.tlog\link.write.1.tlog
d:\ccode\pcremote\pcremote\release\pcremote.tlog\rc.command.1.tlog
d:\ccode\pcremote\pcremote\release\pcremote.tlog\rc.read.1.tlog
d:\ccode\pcremote\pcremote\release\pcremote.tlog\rc.write.1.tlog
